<?xml version="1.0" encoding="UTF-8"?>
<coverage generated="1500028692">
    <project timestamp="1500028692">
        <package name="DanchukAS\DenyMultiplyRun">
            <file name="/home/danchukas/Documents/repo/github/DenyMultiplyRun/src/DenyMultiplyRun.php">
                <class name="DenyMultiplyRun" namespace="DanchukAS\DenyMultiplyRun" fullPackage="DanchukAS"
                       package="DanchukAS">
                    <metrics complexity="40" methods="15" coveredmethods="5" conditionals="0" coveredconditionals="0"
                             statements="116" coveredstatements="98" elements="131" coveredelements="103"/>
                </class>
                <line num="40" type="method" name="__construct" visibility="private" complexity="1" crap="2" count="0"/>
                <line num="42" type="stmt" count="0"/>
                <line num="57" type="method" name="setPidFile" visibility="public" complexity="6" crap="6" count="8"/>
                <line num="59" type="stmt" count="8"/>
                <line num="62" type="stmt" count="8"/>
                <line num="63" type="stmt" count="2"/>
                <line num="64" type="stmt" count="7"/>
                <line num="65" type="stmt" count="7"/>
                <line num="66" type="stmt" count="7"/>
                <line num="69" type="stmt" count="8"/>
                <line num="73" type="stmt" count="7"/>
                <line num="74" type="stmt" count="7"/>
                <line num="76" type="stmt" count="6"/>
                <line num="77" type="stmt" count="3"/>
                <line num="78" type="stmt" count="5"/>
                <line num="80" type="stmt" count="2"/>
                <line num="83" type="stmt" count="4"/>
                <line num="84" type="stmt" count="4"/>
                <line num="86" type="stmt" count="4"/>
                <line num="87" type="stmt" count="2"/>
                <line num="88" type="stmt" count="1"/>
                <line num="89" type="stmt" count="2"/>
                <line num="90" type="stmt" count="2"/>
                <line num="91" type="stmt" count="2"/>
                <line num="93" type="stmt" count="2"/>
                <line num="95" type="stmt" count="4"/>
                <line num="97" type="stmt" count="7"/>
                <line num="98" type="stmt" count="4"/>
                <line num="99" type="stmt" count="7"/>
                <line num="103" type="stmt" count="4"/>
                <line num="110" type="method" name="preparePidDir" visibility="private" complexity="3" crap="4.12"
                      count="8"/>
                <line num="112" type="stmt" count="8"/>
                <line num="113" type="stmt" count="8"/>
                <line num="114" type="stmt" count="0"/>
                <line num="115" type="stmt" count="0"/>
                <line num="116" type="stmt" count="0"/>
                <line num="119" type="stmt" count="8"/>
                <line num="127" type="method" name="createPidFile" visibility="private" complexity="3" crap="3.02"
                      count="8"/>
                <line num="131" type="stmt" count="8"/>
                <line num="135" type="stmt" count="8"/>
                <line num="138" type="stmt" count="8"/>
                <line num="141" type="stmt" count="8"/>
                <line num="144" type="stmt" count="7"/>
                <line num="145" type="stmt" count="0"/>
                <line num="149" type="stmt" count="7"/>
                <line num="153" type="stmt" count="2"/>
                <line num="161" type="method" name="openPidFile" visibility="private" complexity="2" crap="2.06"
                      count="7"/>
                <line num="163" type="stmt" count="7"/>
                <line num="164" type="stmt" count="7"/>
                <line num="165" type="stmt" count="0"/>
                <line num="167" type="stmt" count="7"/>
                <line num="175" type="method" name="lockPidFile" visibility="private" complexity="2" crap="2"
                      count="8"/>
                <line num="177" type="stmt" count="8"/>
                <line num="178" type="stmt" count="8"/>
                <line num="179" type="stmt" count="1"/>
                <line num="183" type="stmt" count="1"/>
                <line num="187" type="stmt" count="1"/>
                <line num="190" type="stmt" count="1"/>
                <line num="192" type="stmt" count="1"/>
                <line num="194" type="stmt" count="7"/>
                <line num="201" type="method" name="getPidFromFile" visibility="private" complexity="2" crap="2.03"
                      count="6"/>
                <line num="206" type="stmt" count="6"/>
                <line num="209" type="stmt" count="6"/>
                <line num="210" type="stmt" count="0"/>
                <line num="213" type="stmt" count="6"/>
                <line num="215" type="stmt" count="3"/>
                <line num="224" type="method" name="validatePid" visibility="private" complexity="5" crap="5"
                      count="6"/>
                <line num="227" type="stmt" count="6"/>
                <line num="228" type="stmt" count="1"/>
                <line num="231" type="stmt" count="5"/>
                <line num="236" type="stmt" count="5"/>
                <line num="237" type="stmt" count="5"/>
                <line num="238" type="stmt" count="5"/>
                <line num="239" type="stmt" count="5"/>
                <line num="240" type="stmt" count="1"/>
                <line num="241" type="stmt" count="1"/>
                <line num="247" type="stmt" count="4"/>
                <line num="248" type="stmt" count="1"/>
                <line num="249" type="stmt" count="1"/>
                <line num="250" type="stmt" count="1"/>
                <line num="253" type="stmt" count="3"/>
                <line num="261" type="method" name="checkRunnedPid" visibility="private" complexity="3" crap="3"
                      count="3"/>
                <line num="267" type="stmt" count="3"/>
                <line num="271" type="stmt" count="3"/>
                <line num="273" type="stmt" count="2"/>
                <line num="275" type="stmt" count="1"/>
                <line num="282" type="method" name="truncatePidFile" visibility="private" complexity="3" crap="3.21"
                      count="2"/>
                <line num="284" type="stmt" count="2"/>
                <line num="285" type="stmt" count="2"/>
                <line num="286" type="stmt" count="0"/>
                <line num="289" type="stmt" count="2"/>
                <line num="290" type="stmt" count="2"/>
                <line num="291" type="stmt" count="0"/>
                <line num="293" type="stmt" count="2"/>
                <line num="301" type="method" name="setPidIntoFile" visibility="private" complexity="2" crap="2.02"
                      count="4"/>
                <line num="303" type="stmt" count="4"/>
                <line num="304" type="stmt" count="4"/>
                <line num="305" type="stmt" count="4"/>
                <line num="306" type="stmt" count="4"/>
                <line num="307" type="stmt" count="0"/>
                <line num="309" type="stmt" count="4"/>
                <line num="314" type="method" name="unlockPidFile" visibility="private" complexity="2" crap="2.06"
                      count="7"/>
                <line num="316" type="stmt" count="7"/>
                <line num="317" type="stmt" count="7"/>
                <line num="318" type="stmt" count="0"/>
                <line num="320" type="stmt" count="7"/>
                <line num="327" type="method" name="closePidFile" visibility="private" complexity="2" crap="2.50"
                      count="7"/>
                <line num="331" type="stmt" count="7"/>
                <line num="335" type="stmt" count="7"/>
                <line num="338" type="stmt" count="7"/>
                <line num="340" type="stmt" count="7"/>
                <line num="342" type="stmt" count="0"/>
                <line num="346" type="stmt" count="0"/>
                <line num="350" type="stmt" count="0"/>
                <line num="353" type="stmt" count="0"/>
                <line num="355" type="stmt" count="0"/>
                <line num="357" type="stmt" count="7"/>
                <line num="366" type="method" name="deletePidFile" visibility="public" complexity="3" crap="3.10"
                      count="3"/>
                <line num="370" type="stmt" count="3"/>
                <line num="375" type="stmt" count="3"/>
                <line num="377" type="stmt" count="0"/>
                <line num="379" type="stmt" count="0"/>
                <line num="380" type="stmt" count="3"/>
                <line num="382" type="stmt" count="3"/>
                <line num="385" type="stmt" count="3"/>
                <line num="386" type="stmt" count="1"/>
                <line num="390" type="stmt" count="2"/>
                <line num="400" type="method" name="errorHandle" visibility="public" complexity="1" crap="1" count="9"/>
                <line num="404" type="stmt" count="9"/>
                <line num="406" type="stmt" count="9"/>
                <line num="409" type="stmt" count="9"/>
                <metrics loc="414" ncloc="220" classes="1" methods="15" coveredmethods="5" conditionals="0"
                         coveredconditionals="0" statements="116" coveredstatements="98" elements="131"
                         coveredelements="103"/>
            </file>
        </package>
        <package name="DanchukAS\DenyMultiplyRun\Exception">
            <file name="/home/danchukas/Documents/repo/github/DenyMultiplyRun/src/Exception/CloseFileFail.php">
                <class name="CloseFileFail" namespace="DanchukAS\DenyMultiplyRun\Exception" fullPackage="DanchukAS"
                       package="DanchukAS">
                    <metrics complexity="1" methods="1" coveredmethods="0" conditionals="0" coveredconditionals="0"
                             statements="4" coveredstatements="0" elements="5" coveredelements="0"/>
                </class>
                <line num="29" type="method" name="__construct" visibility="public" complexity="1" crap="2" count="0"/>
                <line num="30" type="stmt" count="0"/>
                <line num="31" type="stmt" count="0"/>
                <line num="32" type="stmt" count="0"/>
                <line num="33" type="stmt" count="0"/>
                <metrics loc="33" ncloc="12" classes="1" methods="1" coveredmethods="0" conditionals="0"
                         coveredconditionals="0" statements="4" coveredstatements="0" elements="5" coveredelements="0"/>
            </file>
            <file name="/home/danchukas/Documents/repo/github/DenyMultiplyRun/src/Exception/ConvertPidFail.php">
                <class name="ConvertPidFail" namespace="DanchukAS\DenyMultiplyRun\Exception" fullPackage="DanchukAS"
                       package="DanchukAS">
                    <metrics complexity="1" methods="1" coveredmethods="1" conditionals="0" coveredconditionals="0"
                             statements="3" coveredstatements="3" elements="4" coveredelements="4"/>
                </class>
                <line num="29" type="method" name="__construct" visibility="public" complexity="1" crap="1" count="1"/>
                <line num="31" type="stmt" count="1"/>
                <line num="32" type="stmt" count="1"/>
                <line num="33" type="stmt" count="1"/>
                <metrics loc="33" ncloc="12" classes="1" methods="1" coveredmethods="1" conditionals="0"
                         coveredconditionals="0" statements="3" coveredstatements="3" elements="4" coveredelements="4"/>
            </file>
            <file name="/home/danchukas/Documents/repo/github/DenyMultiplyRun/src/Exception/DeleteFileFail.php">
                <class name="DeleteFileFail" namespace="DanchukAS\DenyMultiplyRun\Exception" fullPackage="DanchukAS"
                       package="DanchukAS">
                    <metrics complexity="1" methods="1" coveredmethods="1" conditionals="0" coveredconditionals="0"
                             statements="3" coveredstatements="3" elements="4" coveredelements="4"/>
                </class>
                <line num="29" type="method" name="__construct" visibility="public" complexity="1" crap="1" count="1"/>
                <line num="31" type="stmt" count="1"/>
                <line num="32" type="stmt" count="1"/>
                <line num="33" type="stmt" count="1"/>
                <metrics loc="33" ncloc="12" classes="1" methods="1" coveredmethods="1" conditionals="0"
                         coveredconditionals="0" statements="3" coveredstatements="3" elements="4" coveredelements="4"/>
            </file>
            <file name="/home/danchukas/Documents/repo/github/DenyMultiplyRun/src/Exception/FileExisted.php">
                <class name="FileExisted" namespace="DanchukAS\DenyMultiplyRun\Exception" fullPackage="DanchukAS"
                       package="DanchukAS">
                    <metrics complexity="1" methods="1" coveredmethods="1" conditionals="0" coveredconditionals="0"
                             statements="3" coveredstatements="3" elements="4" coveredelements="4"/>
                </class>
                <line num="29" type="method" name="__construct" visibility="public" complexity="1" crap="1" count="7"/>
                <line num="31" type="stmt" count="7"/>
                <line num="32" type="stmt" count="7"/>
                <line num="33" type="stmt" count="7"/>
                <metrics loc="33" ncloc="12" classes="1" methods="1" coveredmethods="1" conditionals="0"
                         coveredconditionals="0" statements="3" coveredstatements="3" elements="4" coveredelements="4"/>
            </file>
            <file name="/home/danchukas/Documents/repo/github/DenyMultiplyRun/src/Exception/LockFileFail.php">
                <class name="LockFileFail" namespace="DanchukAS\DenyMultiplyRun\Exception" fullPackage="DanchukAS"
                       package="DanchukAS">
                    <metrics complexity="1" methods="1" coveredmethods="1" conditionals="0" coveredconditionals="0"
                             statements="3" coveredstatements="3" elements="4" coveredelements="4"/>
                </class>
                <line num="29" type="method" name="__construct" visibility="public" complexity="1" crap="1" count="1"/>
                <line num="31" type="stmt" count="1"/>
                <line num="32" type="stmt" count="1"/>
                <line num="33" type="stmt" count="1"/>
                <metrics loc="33" ncloc="12" classes="1" methods="1" coveredmethods="1" conditionals="0"
                         coveredconditionals="0" statements="3" coveredstatements="3" elements="4" coveredelements="4"/>
            </file>
            <file name="/home/danchukas/Documents/repo/github/DenyMultiplyRun/src/Exception/PidBiggerMax.php">
                <class name="PidBiggerMax" namespace="DanchukAS\DenyMultiplyRun\Exception" fullPackage="DanchukAS"
                       package="DanchukAS">
                    <metrics complexity="1" methods="1" coveredmethods="1" conditionals="0" coveredconditionals="0"
                             statements="3" coveredstatements="3" elements="4" coveredelements="4"/>
                </class>
                <line num="29" type="method" name="__construct" visibility="public" complexity="1" crap="1" count="1"/>
                <line num="31" type="stmt" count="1"/>
                <line num="32" type="stmt" count="1"/>
                <line num="33" type="stmt" count="1"/>
                <metrics loc="33" ncloc="12" classes="1" methods="1" coveredmethods="1" conditionals="0"
                         coveredconditionals="0" statements="3" coveredstatements="3" elements="4" coveredelements="4"/>
            </file>
            <file name="/home/danchukas/Documents/repo/github/DenyMultiplyRun/src/Exception/PidFileEmpty.php">
                <class name="PidFileEmpty" namespace="DanchukAS\DenyMultiplyRun\Exception" fullPackage="DanchukAS"
                       package="DanchukAS">
                    <metrics complexity="0" methods="0" coveredmethods="0" conditionals="0" coveredconditionals="0"
                             statements="0" coveredstatements="0" elements="0" coveredelements="0"/>
                </class>
                <metrics loc="18" ncloc="8" classes="0" methods="0" coveredmethods="0" conditionals="0"
                         coveredconditionals="0" statements="0" coveredstatements="0" elements="0" coveredelements="0"/>
            </file>
            <file name="/home/danchukas/Documents/repo/github/DenyMultiplyRun/src/Exception/ProcessExisted.php">
                <class name="ProcessExisted" namespace="DanchukAS\DenyMultiplyRun\Exception" fullPackage="DanchukAS"
                       package="DanchukAS">
                    <metrics complexity="1" methods="1" coveredmethods="1" conditionals="0" coveredconditionals="0"
                             statements="3" coveredstatements="3" elements="4" coveredelements="4"/>
                </class>
                <line num="29" type="method" name="__construct" visibility="public" complexity="1" crap="1" count="2"/>
                <line num="31" type="stmt" count="2"/>
                <line num="32" type="stmt" count="2"/>
                <line num="33" type="stmt" count="2"/>
                <metrics loc="33" ncloc="12" classes="1" methods="1" coveredmethods="1" conditionals="0"
                         coveredconditionals="0" statements="3" coveredstatements="3" elements="4" coveredelements="4"/>
            </file>
            <file name="/home/danchukas/Documents/repo/github/DenyMultiplyRun/src/Exception/ReadFileFail.php">
                <class name="ReadFileFail" namespace="DanchukAS\DenyMultiplyRun\Exception" fullPackage="DanchukAS"
                       package="DanchukAS">
                    <metrics complexity="1" methods="1" coveredmethods="0" conditionals="0" coveredconditionals="0"
                             statements="4" coveredstatements="0" elements="5" coveredelements="0"/>
                </class>
                <line num="29" type="method" name="__construct" visibility="public" complexity="1" crap="2" count="0"/>
                <line num="30" type="stmt" count="0"/>
                <line num="31" type="stmt" count="0"/>
                <line num="32" type="stmt" count="0"/>
                <line num="33" type="stmt" count="0"/>
                <metrics loc="33" ncloc="12" classes="1" methods="1" coveredmethods="0" conditionals="0"
                         coveredconditionals="0" statements="4" coveredstatements="0" elements="5" coveredelements="0"/>
            </file>
        </package>
        <metrics files="10" loc="696" ncloc="324" classes="9" methods="23" coveredmethods="11" conditionals="0"
                 coveredconditionals="0" statements="142" coveredstatements="116" elements="165" coveredelements="127"/>
    </project>
</coverage>
